<?xml version="1.0" encoding="UTF-8"?>
<!-- Generated by org.testng.reporters.JUnitXMLReporter -->
<testsuite ignored="0" hostname="DESKTOP-8T619MQ" failures="0" tests="3" name="ApiTest" time="2.441" errors="0" timestamp="27 Mar. 2019 04:59:16 GMT">
  <testcase classname="rit.interview.WeatherTest" name="doGetRequest" time="2.271"/>
  <testcase classname="rit.interview.WeatherTest" name="getNumDaysSunny" time="0.003"/>
  <testcase classname="rit.interview.WeatherTest" name="getNumDaysWithTemp20" time="0.005"/>
</testsuite> <!-- ApiTest -->
