<?xml version="1.0" encoding="UTF-8"?>
<!-- Generated by org.testng.reporters.JUnitXMLReporter -->
<testsuite ignored="0" hostname="DESKTOP-8T619MQ" failures="0" tests="3" name="Test" time="2.943" errors="0" timestamp="27 Mar. 2019 09:40:58 GMT">
  <testcase classname="rit.interview.WeatherTest" name="getNumDaysSunny" time="0.787"/>
  <testcase classname="rit.interview.WeatherTest" name="getNumDaysWithTemp20" time="0.398"/>
  <testcase classname="rit.interview.WeatherTest" name="verifyCity" time="0.002"/>
</testsuite> <!-- Test -->
