<?xml version="1.0" encoding="UTF-8"?>
<!-- Generated by org.testng.reporters.JUnitXMLReporter -->
<testsuite ignored="0" hostname="DESKTOP-8T619MQ" failures="1" tests="3" name="Test" time="2.438" errors="0" timestamp="27 Mar. 2019 07:31:51 GMT">
  <testcase classname="rit.interview.WeatherTest" name="getNumDaysSunny" time="0.001"/>
  <testcase classname="rit.interview.WeatherTest" name="getNumDaysWithTemp20" time="0.831">
    <failure type="java.text.ParseException" message="Unparseable date: &amp;quot;2019-03-28 00:00:00&amp;quot;">
      <![CDATA[java.text.ParseException: Unparseable date: "2019-03-28 00:00:00"
at java.base/java.text.DateFormat.parse(DateFormat.java:395)
at rit.interview.WeatherTest.getNumDaysWithTemp20(WeatherTest.java:78)
... Removed 29 stack frames]]>
    </failure>
  </testcase> <!-- getNumDaysWithTemp20 -->
  <testcase classname="rit.interview.WeatherTest" name="verifyCity" time="0.003"/>
</testsuite> <!-- Test -->
