<?xml version="1.0" encoding="UTF-8"?>
<testsuite xmlns:xsi="http://www.w3.org/2001/XMLSchema-instance" xsi:noNamespaceSchemaLocation="https://maven.apache.org/surefire/maven-surefire-plugin/xsd/surefire-test-report.xsd" name="TestSuite" time="4.135" tests="3" errors="0" skipped="0" failures="1">
  <properties>
[...]
</properties>
  <testcase name="getNumDaysSunny" classname="rit.interview.WeatherTest" time="0.001"/>
  <testcase name="getNumDaysWithTemp20" classname="rit.interview.WeatherTest" time="0.409">
    <failure message="Unparseable date: &quot;2019-03-28 00:00:00&quot;" type="java.text.ParseException">java.text.ParseException: Unparseable date: "2019-03-28 00:00:00"
	at rit.interview.WeatherTest.getNumDaysWithTemp20(WeatherTest.java:78)
</failure>
    <system-out><![CDATA[37
[]
number 0 value 292.56
number 1 value 291.89
number 2 value 291.52
number 3 value 290.24
number 4 value 290.277
number 5 value 293.933
in for loop 5
2019-03-28 00:00:00
]]></system-out>
  </testcase>
  <testcase name="verifyCity" classname="rit.interview.WeatherTest" time="0.002"/>
</testsuite>