<?xml version="1.0" encoding="UTF-8"?>
<testng-results ignored="0" total="5" passed="5" failed="0" skipped="0">
  <reporter-output>
  </reporter-output>
  <suite started-at="2019-03-28T02:12:10Z" name="Suite" finished-at="2019-03-28T02:12:15Z" duration-ms="5343">
    <groups>
    </groups>
    <test started-at="2019-03-28T02:12:10Z" name="Test" finished-at="2019-03-28T02:12:15Z" duration-ms="5343">
      <class name="Tests.GetTest">
        <test-method is-config="true" signature="setUpConfig()[pri:0, instance:Tests.GetTest@18230356]" started-at="2019-03-28T02:12:10Z" name="setUpConfig" finished-at="2019-03-28T02:12:10Z" duration-ms="67" status="PASS">
          <reporter-output>
          </reporter-output>
        </test-method> <!-- setUpConfig -->
        <test-method signature="getRequest()[pri:0, instance:Tests.GetTest@18230356]" started-at="2019-03-28T02:12:10Z" name="getRequest" finished-at="2019-03-28T02:12:12Z" duration-ms="1560" status="PASS">
          <reporter-output>
          </reporter-output>
        </test-method> <!-- getRequest -->
        <test-method signature="getNumDaysCloudy()[pri:1, instance:Tests.GetTest@18230356]" started-at="2019-03-28T02:12:12Z" name="getNumDaysCloudy" finished-at="2019-03-28T02:12:13Z" duration-ms="1557" status="PASS">
          <reporter-output>
          </reporter-output>
        </test-method> <!-- getNumDaysCloudy -->
        <test-method signature="getNumDaysRainy()[pri:1, instance:Tests.GetTest@18230356]" started-at="2019-03-28T02:12:13Z" name="getNumDaysRainy" finished-at="2019-03-28T02:12:14Z" duration-ms="842" status="PASS">
          <reporter-output>
          </reporter-output>
        </test-method> <!-- getNumDaysRainy -->
        <test-method signature="getNumDaysSunny()[pri:1, instance:Tests.GetTest@18230356]" started-at="2019-03-28T02:12:14Z" name="getNumDaysSunny" finished-at="2019-03-28T02:12:15Z" duration-ms="741" status="PASS">
          <reporter-output>
          </reporter-output>
        </test-method> <!-- getNumDaysSunny -->
        <test-method signature="getNumDaysWithTempabove()[pri:1, instance:Tests.GetTest@18230356]" started-at="2019-03-28T02:12:15Z" name="getNumDaysWithTempabove" finished-at="2019-03-28T02:12:15Z" duration-ms="622" status="PASS">
          <reporter-output>
          </reporter-output>
        </test-method> <!-- getNumDaysWithTempabove -->
      </class> <!-- Tests.GetTest -->
    </test> <!-- Test -->
  </suite> <!-- Suite -->
</testng-results>
