-------------------------------------------------------------------------------
Test set: TestSuite
-------------------------------------------------------------------------------
Tests run: 3, Failures: 1, Errors: 0, Skipped: 0, Time elapsed: 4.135 s <<< FAILURE! - in TestSuite
getNumDaysWithTemp20(rit.interview.WeatherTest)  Time elapsed: 0.409 s  <<< FAILURE!
java.text.ParseException: Unparseable date: "2019-03-28 00:00:00"
	at rit.interview.WeatherTest.getNumDaysWithTemp20(WeatherTest.java:78)

