<?xml version="1.0" encoding="UTF-8"?>
<testng-results ignored="0" total="3" passed="3" failed="0" skipped="0">
  <reporter-output>
  </reporter-output>
  <suite started-at="2019-03-27T09:40:55Z" name="Suite" finished-at="2019-03-27T09:40:57Z" duration-ms="2943">
    <groups>
    </groups>
    <test started-at="2019-03-27T09:40:55Z" name="Test" finished-at="2019-03-27T09:40:57Z" duration-ms="2943">
      <class name="rit.interview.WeatherTest">
        <test-method is-config="true" signature="doGetRequest()[pri:0, instance:rit.interview.WeatherTest@14b030a0]" started-at="2019-03-27T09:40:55Z" name="doGetRequest" finished-at="2019-03-27T09:40:56Z" duration-ms="1738" status="PASS">
          <reporter-output>
          </reporter-output>
        </test-method> <!-- doGetRequest -->
        <test-method signature="getNumDaysSunny()[pri:0, instance:rit.interview.WeatherTest@14b030a0]" started-at="2019-03-27T09:40:56Z" name="getNumDaysSunny" finished-at="2019-03-27T09:40:57Z" duration-ms="787" status="PASS">
          <reporter-output>
          </reporter-output>
        </test-method> <!-- getNumDaysSunny -->
        <test-method signature="getNumDaysWithTemp20()[pri:0, instance:rit.interview.WeatherTest@14b030a0]" started-at="2019-03-27T09:40:57Z" name="getNumDaysWithTemp20" finished-at="2019-03-27T09:40:57Z" duration-ms="398" status="PASS">
          <reporter-output>
          </reporter-output>
        </test-method> <!-- getNumDaysWithTemp20 -->
        <test-method signature="verifyCity()[pri:0, instance:rit.interview.WeatherTest@14b030a0]" started-at="2019-03-27T09:40:57Z" name="verifyCity" finished-at="2019-03-27T09:40:57Z" duration-ms="2" status="PASS">
          <reporter-output>
          </reporter-output>
        </test-method> <!-- verifyCity -->
      </class> <!-- rit.interview.WeatherTest -->
    </test> <!-- Test -->
  </suite> <!-- Suite -->
</testng-results>
